<?xml version="1.0" encoding="UTF-8"?>
<!-- Generated by org.testng.reporters.JUnitReportReporter -->
<testsuite skipped="0" hostname="dell-PC" name="SuiteB.SuiteB1" tests="1" failures="0" timestamp="10 Jan 2021 14:25:46 GMT" time="2.009" errors="0">
  <testcase name="f" time="2.009" classname="SuiteB.SuiteB1"/>
</testsuite> <!-- SuiteB.SuiteB1 -->
