<?xml version="1.0" encoding="UTF-8"?>
<!-- Generated by org.testng.reporters.JUnitReportReporter -->
<testsuite skipped="0" hostname="dell-PC" name="com.DecMavenpackage.DecMavenProject.LinksTesting1" tests="1" failures="0" timestamp="04 Jan 2021 16:30:56 GMT" time="37.658" errors="0">
  <testcase name="linktesting1" time="37.658" classname="com.DecMavenpackage.DecMavenProject.LinksTesting1"/>
</testsuite> <!-- com.DecMavenpackage.DecMavenProject.LinksTesting1 -->
