<?xml version="1.0" encoding="UTF-8"?>
<!-- Generated by org.testng.reporters.JUnitReportReporter -->
<testsuite skipped="0" hostname="dell-PC" name="com.DecMavenpackage.DecMavenProject.TNG_02" tests="1" failures="0" timestamp="04 Jan 2021 14:46:09 GMT" time="122.485" errors="0">
  <testcase name="amazon" time="122.485" classname="com.DecMavenpackage.DecMavenProject.TNG_02"/>
</testsuite> <!-- com.DecMavenpackage.DecMavenProject.TNG_02 -->
