<?xml version="1.0" encoding="UTF-8"?>
<!-- Generated by org.testng.reporters.JUnitReportReporter -->
<testsuite skipped="0" hostname="dell-PC" name="SuiteB.SuiteB2" tests="1" failures="0" timestamp="10 Jan 2021 14:25:46 GMT" time="2.001" errors="0">
  <testcase name="f" time="2.001" classname="SuiteB.SuiteB2"/>
</testsuite> <!-- SuiteB.SuiteB2 -->
