<?xml version="1.0" encoding="UTF-8"?>
<!-- Generated by org.testng.reporters.JUnitReportReporter -->
<testsuite skipped="0" hostname="dell-PC" name="SuiteA.SuiteA2" tests="1" failures="0" timestamp="10 Jan 2021 14:32:54 GMT" time="2.002" errors="0">
  <testcase name="f" time="2.002" classname="SuiteA.SuiteA2"/>
</testsuite> <!-- SuiteA.SuiteA2 -->
