<?xml version="1.0" encoding="UTF-8"?>
<!-- Generated by org.testng.reporters.JUnitReportReporter -->
<testsuite skipped="0" hostname="dell-PC" name="Excellaunch.DataReadingbyHashtable" tests="2" failures="0" timestamp="14 Jan 2021 14:23:53 GMT" time="0.019" errors="0">
  <testcase name="f" time="0.002" classname="Excellaunch.DataReadingbyHashtable"/>
  <testcase name="f" time="0.017" classname="Excellaunch.DataReadingbyHashtable"/>
</testsuite> <!-- Excellaunch.DataReadingbyHashtable -->
