<?xml version="1.0" encoding="UTF-8"?>
<!-- Generated by org.testng.reporters.JUnitReportReporter -->
<testsuite skipped="0" hostname="dell-PC" name="Excellaunch.DataReadingbyDataprovider" tests="2" failures="0" timestamp="14 Jan 2021 14:10:25 GMT" time="0.022" errors="0">
  <testcase name="f" time="0.008" classname="Excellaunch.DataReadingbyDataprovider"/>
  <testcase name="f" time="0.014" classname="Excellaunch.DataReadingbyDataprovider"/>
</testsuite> <!-- Excellaunch.DataReadingbyDataprovider -->
