<?xml version="1.0" encoding="UTF-8"?>
<!-- Generated by org.testng.reporters.JUnitReportReporter -->
<testsuite skipped="0" hostname="dell-PC" name="com.DecMavenpackage.DecMavenProject.NewTest" tests="1" failures="0" timestamp="10 Jan 2021 16:51:24 GMT" time="0.004" errors="0">
  <testcase name="f" time="0.004" classname="com.DecMavenpackage.DecMavenProject.NewTest"/>
</testsuite> <!-- com.DecMavenpackage.DecMavenProject.NewTest -->
