<?xml version="1.0" encoding="UTF-8"?>
<!-- Generated by org.testng.reporters.JUnitReportReporter -->
<testsuite skipped="2" hostname="dell-PC" name="com.DecMavenpackage.DecMavenProject.TestDepencies" tests="4" failures="0" timestamp="05 Jan 2021 17:18:42 GMT" time="0.029" errors="0">
  <testcase name="orange" time="0.022" classname="com.DecMavenpackage.DecMavenProject.TestDepencies"/>
  <testcase name="white" time="0.004" classname="com.DecMavenpackage.DecMavenProject.TestDepencies"/>
  <testcase name="blue" time="0.003" classname="com.DecMavenpackage.DecMavenProject.TestDepencies">
    <skipped/>
  </testcase> <!-- blue -->
  <testcase name="green" time="0.000" classname="com.DecMavenpackage.DecMavenProject.TestDepencies">
    <skipped/>
  </testcase> <!-- green -->
</testsuite> <!-- com.DecMavenpackage.DecMavenProject.TestDepencies -->
