<?xml version="1.0" encoding="UTF-8"?>
<!-- Generated by org.testng.reporters.JUnitReportReporter -->
<testsuite skipped="1" hostname="dell-PC" name="com.DecMavenpackage.DecMavenProject.TNG_01" tests="3" failures="0" timestamp="04 Jan 2021 12:49:15 GMT" time="0.015" errors="0">
  <testcase name="f" time="0.015" classname="com.DecMavenpackage.DecMavenProject.TNG_01"/>
  <testcase name="z" time="0.000" classname="com.DecMavenpackage.DecMavenProject.TNG_01"/>
  <testcase name="a" classname="com.DecMavenpackage.DecMavenProject.TNG_01">
    <skipped/>
  </testcase> <!-- a -->
</testsuite> <!-- com.DecMavenpackage.DecMavenProject.TNG_01 -->
