<?xml version="1.0" encoding="UTF-8"?>
<!-- Generated by org.testng.reporters.JUnitReportReporter -->
<testsuite skipped="0" hostname="dell-PC" name="SuiteA.SuiteA1" tests="1" failures="0" timestamp="10 Jan 2021 16:53:23 GMT" time="2.015" errors="0">
  <testcase name="f" time="2.015" classname="SuiteA.SuiteA1"/>
</testsuite> <!-- SuiteA.SuiteA1 -->
