<?xml version="1.0" encoding="UTF-8"?>
<!-- Generated by org.testng.reporters.JUnitReportReporter -->
<testsuite skipped="0" hostname="dell-PC" name="Excellaunch.DataProvideTestdemo" tests="2" failures="0" timestamp="14 Jan 2021 13:38:43 GMT" time="0.021" errors="0">
  <testcase name="f" time="0.018" classname="Excellaunch.DataProvideTestdemo"/>
  <testcase name="f" time="0.003" classname="Excellaunch.DataProvideTestdemo"/>
</testsuite> <!-- Excellaunch.DataProvideTestdemo -->
